<?xml version="1.0" encoding="UTF-8"?>
<testng-results ignored="0" total="1" passed="1" failed="0" skipped="0">
  <reporter-output>
  </reporter-output>
  <suite started-at="2025-07-09T16:02:50 IST" name="Default suite" finished-at="2025-07-09T16:06:33 IST" duration-ms="222311">
    <groups>
    </groups>
    <test started-at="2025-07-09T16:02:50 IST" name="Default test" finished-at="2025-07-09T16:06:33 IST" duration-ms="222311">
      <class name="Campaigns.CreateCampTest">
        <test-method is-config="true" signature="BS()[pri:0, instance:Campaigns.CreateCampTest@46fa7c39]" started-at="2025-07-09T16:02:50 IST" name="BS" finished-at="2025-07-09T16:02:50 IST" duration-ms="18" status="PASS">
          <reporter-output>
          </reporter-output>
        </test-method> <!-- BS -->
        <test-method is-config="true" signature="BT()[pri:0, instance:Campaigns.CreateCampTest@46fa7c39]" started-at="2025-07-09T16:02:50 IST" name="BT" finished-at="2025-07-09T16:02:50 IST" duration-ms="1" status="PASS">
          <reporter-output>
          </reporter-output>
        </test-method> <!-- BT -->
        <test-method is-config="true" signature="BC()[pri:0, instance:Campaigns.CreateCampTest@46fa7c39]" started-at="2025-07-09T16:02:50 IST" name="BC" finished-at="2025-07-09T16:03:00 IST" duration-ms="9310" status="PASS">
          <reporter-output>
          </reporter-output>
        </test-method> <!-- BC -->
        <test-method is-config="true" signature="BM()[pri:0, instance:Campaigns.CreateCampTest@46fa7c39]" started-at="2025-07-09T16:03:00 IST" name="BM" finished-at="2025-07-09T16:04:07 IST" duration-ms="67180" status="PASS">
          <reporter-output>
          </reporter-output>
        </test-method> <!-- BM -->
        <test-method signature="CreateCamp()[pri:0, instance:Campaigns.CreateCampTest@46fa7c39]" started-at="2025-07-09T16:04:07 IST" name="CreateCamp" finished-at="2025-07-09T16:06:17 IST" duration-ms="130385" status="PASS">
          <reporter-output>
          </reporter-output>
        </test-method> <!-- CreateCamp -->
        <test-method is-config="true" signature="AM()[pri:0, instance:Campaigns.CreateCampTest@46fa7c39]" started-at="2025-07-09T16:06:17 IST" name="AM" finished-at="2025-07-09T16:06:31 IST" duration-ms="14062" status="PASS">
          <reporter-output>
          </reporter-output>
        </test-method> <!-- AM -->
        <test-method is-config="true" signature="AC()[pri:0, instance:Campaigns.CreateCampTest@46fa7c39]" started-at="2025-07-09T16:06:31 IST" name="AC" finished-at="2025-07-09T16:06:33 IST" duration-ms="1297" status="PASS">
          <reporter-output>
          </reporter-output>
        </test-method> <!-- AC -->
        <test-method is-config="true" signature="AT()[pri:0, instance:Campaigns.CreateCampTest@46fa7c39]" started-at="2025-07-09T16:06:33 IST" name="AT" finished-at="2025-07-09T16:06:33 IST" duration-ms="1" status="PASS">
          <reporter-output>
          </reporter-output>
        </test-method> <!-- AT -->
        <test-method is-config="true" signature="AS()[pri:0, instance:Campaigns.CreateCampTest@46fa7c39]" started-at="2025-07-09T16:06:33 IST" name="AS" finished-at="2025-07-09T16:06:33 IST" duration-ms="1" status="PASS">
          <reporter-output>
          </reporter-output>
        </test-method> <!-- AS -->
      </class> <!-- Campaigns.CreateCampTest -->
    </test> <!-- Default test -->
  </suite> <!-- Default suite -->
</testng-results>
